#
# There is insufficient memory for the Java Runtime Environment to continue.
# Native memory allocation (malloc) failed to allocate 131088 bytes for Chunk::new
# Possible reasons:
#   The system is out of physical RAM or swap space
#   The process is running with CompressedOops enabled, and the Java Heap may be blocking the growth of the native heap
# Possible solutions:
#   Reduce memory load on the system
#   Increase physical memory or swap space
#   Check if swap backing store is full
#   Decrease Java heap size (-Xmx/-Xms)
#   Decrease number of Java threads
#   Decrease Java thread stack sizes (-Xss)
#   Set larger code cache with -XX:ReservedCodeCacheSize=
#   JVM is running with Unscaled Compressed Oops mode in which the Java heap is
#     placed in the first 4GB address space. The Java Heap base address is the
#     maximum limit for the native heap growth. Please use -XX:HeapBaseMinAddress
#     to set the Java Heap base and to place the Java Heap above 4GB virtual address.
# This output file may be truncated or incomplete.
#
#  Out of Memory Error (allocation.cpp:389), pid=18244, tid=0x00000000000022e8
#
# JRE version: Java(TM) SE Runtime Environment (8.0_241-b07) (build 1.8.0_241-b07)
# Java VM: Java HotSpot(TM) 64-Bit Server VM (25.241-b07 mixed mode windows-amd64 compressed oops)
# Failed to write core dump. Minidumps are not enabled by default on client versions of Windows
#

---------------  T H R E A D  ---------------

Current thread (0x00000000196f6800):  JavaThread "C2 CompilerThread1" daemon [_thread_in_native, id=8936, stack(0x000000001a0f0000,0x000000001a1f0000)]

Stack: [0x000000001a0f0000,0x000000001a1f0000]
[error occurred during error reporting (printing stack bounds), id 0xc0000005]

Native frames: (J=compiled Java code, j=interpreted, Vv=VM code, C=native code)


Current CompileTask:
C2:   2848 1702   !   4       java.net.URLClassLoader$1::run (63 bytes)


---------------  P R O C E S S  ---------------

Java Threads: ( => current thread )
  0x0000000022375000 JavaThread "pool-2-thread-1" [_thread_blocked, id=21240, stack(0x0000000023090000,0x0000000023190000)]
  0x0000000021988000 JavaThread "mysql-cj-abandoned-connection-cleanup" daemon [_thread_blocked, id=3840, stack(0x0000000022f80000,0x0000000023080000)]
  0x000000001a99a000 JavaThread "Prism Font Disposer" daemon [_thread_blocked, id=9028, stack(0x00000000214b0000,0x00000000215b0000)]
  0x000000001a74b000 JavaThread "Thread-3" daemon [_thread_in_native, id=21172, stack(0x000000001fee0000,0x000000001ffe0000)]
  0x000000001a739800 JavaThread "JavaFX-Launcher" [_thread_blocked, id=21300, stack(0x00000000200e0000,0x00000000201e0000)]
  0x000000001a6d6800 JavaThread "JavaFX Application Thread" [_thread_in_vm, id=2584, stack(0x000000001b310000,0x000000001b410000)]
  0x000000001a677000 JavaThread "Thread-1" daemon [_thread_blocked, id=20828, stack(0x000000001b210000,0x000000001b310000)]
  0x000000001a653800 JavaThread "QuantumRenderer-0" daemon [_thread_blocked, id=4988, stack(0x000000001af40000,0x000000001b040000)]
  0x0000000019789800 JavaThread "Service Thread" daemon [_thread_blocked, id=6664, stack(0x000000001a3f0000,0x000000001a4f0000)]
  0x0000000019703800 JavaThread "C1 CompilerThread3" daemon [_thread_blocked, id=22940, stack(0x000000001a2f0000,0x000000001a3f0000)]
  0x00000000196fc800 JavaThread "C2 CompilerThread2" daemon [_thread_blocked, id=15644, stack(0x000000001a1f0000,0x000000001a2f0000)]
=>0x00000000196f6800 JavaThread "C2 CompilerThread1" daemon [_thread_in_native, id=8936, stack(0x000000001a0f0000,0x000000001a1f0000)]
  0x00000000196f2800 JavaThread "C2 CompilerThread0" daemon [_thread_in_native, id=1460, stack(0x0000000019ff0000,0x000000001a0f0000)]
  0x00000000196f0000 JavaThread "Attach Listener" daemon [_thread_blocked, id=20288, stack(0x0000000019ef0000,0x0000000019ff0000)]
  0x00000000196ef000 JavaThread "Signal Dispatcher" daemon [_thread_blocked, id=20020, stack(0x0000000019df0000,0x0000000019ef0000)]
  0x00000000196e1000 JavaThread "Finalizer" daemon [_thread_blocked, id=22668, stack(0x0000000019bc0000,0x0000000019cc0000)]
  0x00000000196e0800 JavaThread "Reference Handler" daemon [_thread_blocked, id=20776, stack(0x0000000019ac0000,0x0000000019bc0000)]
  0x0000000002852800 JavaThread "main" [_thread_blocked, id=11744, stack(0x0000000002650000,0x0000000002750000)]

Other Threads:
  0x00000000178f9000 VMThread [stack: 0x00000000195c0000,0x00000000196c0000] [id=21148]
  0x00000000197ac000 WatcherThread [stack: 0x000000001a4f0000,0x000000001a5f0000] [id=3508]

VM state:not at safepoint (normal execution)

VM Mutex/Monitor currently owned by a thread: None

heap address: 0x0000000081600000, size: 2026 MB, Compressed Oops mode: 32-bit
Narrow klass base: 0x0000000000000000, Narrow klass shift: 3
Compressed class space size: 1073741824 Address: 0x0000000100000000

Heap:
 PSYoungGen      total 38400K, used 33878K [0x00000000d5d00000, 0x00000000d9a80000, 0x0000000100000000)
  eden space 33280K, 86% used [0x00000000d5d00000,0x00000000d7916d10,0x00000000d7d80000)
  from space 5120K, 99% used [0x00000000d8280000,0x00000000d877edb8,0x00000000d8780000)
  to   space 5120K, 0% used [0x00000000d7d80000,0x00000000d7d80000,0x00000000d8280000)
 ParOldGen       total 56320K, used 9357K [0x0000000081600000, 0x0000000084d00000, 0x00000000d5d00000)
  object space 56320K, 16% used [0x0000000081600000,0x0000000081f23498,0x0000000084d00000)
 Metaspace       used 32562K, capacity 33224K, committed 33536K, reserved 1077248K
  class space    used 4628K, capacity 4803K, committed 4864K, reserved 1048576K

Card table byte_map: [0x0000000011d10000,0x0000000012110000] byte_map_base: 0x0000000011905000

Marking Bits: (ParMarkBitMap*) 0x000000005456be30
 Begin Bits: [0x0000000012bc0000, 0x0000000014b68000)
 End Bits:   [0x0000000014b68000, 0x0000000016b10000)

Polling page: 0x0000000000ce0000

CodeCache: size=245760Kb used=5637Kb max_used=5637Kb free=240122Kb
 bounds [0x0000000002950000, 0x0000000002ee0000, 0x0000000011950000]
 total_blobs=2343 nmethods=1704 adapters=551
 compilation: enabled

Compilation events (10 events):
Event: 2.799 Thread 0x0000000019703800 nmethod 1699 0x0000000002ecd110 code [0x0000000002ecd2e0, 0x0000000002ecd968]
Event: 2.803 Thread 0x00000000196fc800 1701   !   4       java.util.concurrent.ConcurrentHashMap::transfer (832 bytes)
Event: 2.810 Thread 0x00000000196f6800 1702   !   4       java.net.URLClassLoader$1::run (63 bytes)
Event: 2.816 Thread 0x00000000196fc800 nmethod 1701 0x0000000002ed1510 code [0x0000000002ed16a0, 0x0000000002ed2448]
Event: 2.834 Thread 0x0000000019703800 1703       3       java.lang.StringBuilder::<init> (6 bytes)
Event: 2.835 Thread 0x0000000019703800 nmethod 1703 0x0000000002ed0d90 code [0x0000000002ed0f00, 0x0000000002ed11b0]
Event: 2.840 Thread 0x0000000019703800 1704       3       org.jboss.logging.Logger::access$000 (10 bytes)
Event: 2.840 Thread 0x0000000019703800 nmethod 1704 0x0000000002ed0310 code [0x0000000002ed0480, 0x0000000002ed05e8]
Event: 2.840 Thread 0x0000000019703800 1705       3       org.jboss.logging.Logger::join (112 bytes)
Event: 2.843 Thread 0x0000000019703800 nmethod 1705 0x0000000002ed2cd0 code [0x0000000002ed3060, 0x0000000002ed52b8]

GC Heap History (10 events):
Event: 0.803 GC heap before
{Heap before GC invocations=1 (full 0):
 PSYoungGen      total 38400K, used 33277K [0x00000000d5d00000, 0x00000000d8780000, 0x0000000100000000)
  eden space 33280K, 99% used [0x00000000d5d00000,0x00000000d7d7f600,0x00000000d7d80000)
  from space 5120K, 0% used [0x00000000d8280000,0x00000000d8280000,0x00000000d8780000)
  to   space 5120K, 0% used [0x00000000d7d80000,0x00000000d7d80000,0x00000000d8280000)
 ParOldGen       total 87552K, used 0K [0x0000000081600000, 0x0000000086b80000, 0x00000000d5d00000)
  object space 87552K, 0% used [0x0000000081600000,0x0000000081600000,0x0000000086b80000)
 Metaspace       used 11810K, capacity 12198K, committed 12416K, reserved 1060864K
  class space    used 1528K, capacity 1641K, committed 1664K, reserved 1048576K
Event: 0.809 GC heap after
Heap after GC invocations=1 (full 0):
 PSYoungGen      total 38400K, used 4032K [0x00000000d5d00000, 0x00000000d8780000, 0x0000000100000000)
  eden space 33280K, 0% used [0x00000000d5d00000,0x00000000d5d00000,0x00000000d7d80000)
  from space 5120K, 78% used [0x00000000d7d80000,0x00000000d8170378,0x00000000d8280000)
  to   space 5120K, 0% used [0x00000000d8280000,0x00000000d8280000,0x00000000d8780000)
 ParOldGen       total 87552K, used 80K [0x0000000081600000, 0x0000000086b80000, 0x00000000d5d00000)
  object space 87552K, 0% used [0x0000000081600000,0x0000000081614010,0x0000000086b80000)
 Metaspace       used 11810K, capacity 12198K, committed 12416K, reserved 1060864K
  class space    used 1528K, capacity 1641K, committed 1664K, reserved 1048576K
}
Event: 0.975 GC heap before
{Heap before GC invocations=2 (full 0):
 PSYoungGen      total 38400K, used 37312K [0x00000000d5d00000, 0x00000000d8780000, 0x0000000100000000)
  eden space 33280K, 100% used [0x00000000d5d00000,0x00000000d7d80000,0x00000000d7d80000)
  from space 5120K, 78% used [0x00000000d7d80000,0x00000000d8170378,0x00000000d8280000)
  to   space 5120K, 0% used [0x00000000d8280000,0x00000000d8280000,0x00000000d8780000)
 ParOldGen       total 87552K, used 80K [0x0000000081600000, 0x0000000086b80000, 0x00000000d5d00000)
  object space 87552K, 0% used [0x0000000081600000,0x0000000081614010,0x0000000086b80000)
 Metaspace       used 13586K, capacity 14034K, committed 14336K, reserved 1060864K
  class space    used 1807K, capacity 1936K, committed 2048K, reserved 1048576K
Event: 0.981 GC heap after
Heap after GC invocations=2 (full 0):
 PSYoungGen      total 38400K, used 5100K [0x00000000d5d00000, 0x00000000d8780000, 0x0000000100000000)
  eden space 33280K, 0% used [0x00000000d5d00000,0x00000000d5d00000,0x00000000d7d80000)
  from space 5120K, 99% used [0x00000000d8280000,0x00000000d877b270,0x00000000d8780000)
  to   space 5120K, 0% used [0x00000000d7d80000,0x00000000d7d80000,0x00000000d8280000)
 ParOldGen       total 87552K, used 509K [0x0000000081600000, 0x0000000086b80000, 0x00000000d5d00000)
  object space 87552K, 0% used [0x0000000081600000,0x000000008167f5e8,0x0000000086b80000)
 Metaspace       used 13586K, capacity 14034K, committed 14336K, reserved 1060864K
  class space    used 1807K, capacity 1936K, committed 2048K, reserved 1048576K
}
Event: 1.942 GC heap before
{Heap before GC invocations=3 (full 0):
 PSYoungGen      total 38400K, used 21572K [0x00000000d5d00000, 0x00000000d8780000, 0x0000000100000000)
  eden space 33280K, 49% used [0x00000000d5d00000,0x00000000d6d15f28,0x00000000d7d80000)
  from space 5120K, 99% used [0x00000000d8280000,0x00000000d877b270,0x00000000d8780000)
  to   space 5120K, 0% used [0x00000000d7d80000,0x00000000d7d80000,0x00000000d8280000)
 ParOldGen       total 87552K, used 509K [0x0000000081600000, 0x0000000086b80000, 0x00000000d5d00000)
  object space 87552K, 0% used [0x0000000081600000,0x000000008167f5e8,0x0000000086b80000)
 Metaspace       used 20562K, capacity 20992K, committed 21248K, reserved 1067008K
  class space    used 2837K, capacity 2987K, committed 3072K, reserved 1048576K
Event: 1.948 GC heap after
Heap after GC invocations=3 (full 0):
 PSYoungGen      total 38400K, used 5091K [0x00000000d5d00000, 0x00000000d8780000, 0x0000000100000000)
  eden space 33280K, 0% used [0x00000000d5d00000,0x00000000d5d00000,0x00000000d7d80000)
  from space 5120K, 99% used [0x00000000d7d80000,0x00000000d8278ff8,0x00000000d8280000)
  to   space 5120K, 0% used [0x00000000d8280000,0x00000000d8280000,0x00000000d8780000)
 ParOldGen       total 87552K, used 2687K [0x0000000081600000, 0x0000000086b80000, 0x00000000d5d00000)
  object space 87552K, 3% used [0x0000000081600000,0x000000008189ff18,0x0000000086b80000)
 Metaspace       used 20562K, capacity 20992K, committed 21248K, reserved 1067008K
  class space    used 2837K, capacity 2987K, committed 3072K, reserved 1048576K
}
Event: 1.948 GC heap before
{Heap before GC invocations=4 (full 1):
 PSYoungGen      total 38400K, used 5091K [0x00000000d5d00000, 0x00000000d8780000, 0x0000000100000000)
  eden space 33280K, 0% used [0x00000000d5d00000,0x00000000d5d00000,0x00000000d7d80000)
  from space 5120K, 99% used [0x00000000d7d80000,0x00000000d8278ff8,0x00000000d8280000)
  to   space 5120K, 0% used [0x00000000d8280000,0x00000000d8280000,0x00000000d8780000)
 ParOldGen       total 87552K, used 2687K [0x0000000081600000, 0x0000000086b80000, 0x00000000d5d00000)
  object space 87552K, 3% used [0x0000000081600000,0x000000008189ff18,0x0000000086b80000)
 Metaspace       used 20562K, capacity 20992K, committed 21248K, reserved 1067008K
  class space    used 2837K, capacity 2987K, committed 3072K, reserved 1048576K
Event: 1.969 GC heap after
Heap after GC invocations=4 (full 1):
 PSYoungGen      total 38400K, used 0K [0x00000000d5d00000, 0x00000000d8780000, 0x0000000100000000)
  eden space 33280K, 0% used [0x00000000d5d00000,0x00000000d5d00000,0x00000000d7d80000)
  from space 5120K, 0% used [0x00000000d7d80000,0x00000000d7d80000,0x00000000d8280000)
  to   space 5120K, 0% used [0x00000000d8280000,0x00000000d8280000,0x00000000d8780000)
 ParOldGen       total 56320K, used 7135K [0x0000000081600000, 0x0000000084d00000, 0x00000000d5d00000)
  object space 56320K, 12% used [0x0000000081600000,0x0000000081cf7c78,0x0000000084d00000)
 Metaspace       used 20562K, capacity 20992K, committed 21248K, reserved 1067008K
  class space    used 2837K, capacity 2987K, committed 3072K, reserved 1048576K
}
Event: 2.448 GC heap before
{Heap before GC invocations=5 (full 1):
 PSYoungGen      total 38400K, used 33280K [0x00000000d5d00000, 0x00000000d8780000, 0x0000000100000000)
  eden space 33280K, 100% used [0x00000000d5d00000,0x00000000d7d80000,0x00000000d7d80000)
  from space 5120K, 0% used [0x00000000d7d80000,0x00000000d7d80000,0x00000000d8280000)
  to   space 5120K, 0% used [0x00000000d8280000,0x00000000d8280000,0x00000000d8780000)
 ParOldGen       total 56320K, used 7135K [0x0000000081600000, 0x0000000084d00000, 0x00000000d5d00000)
  object space 56320K, 12% used [0x0000000081600000,0x0000000081cf7c78,0x0000000084d00000)
 Metaspace       used 27458K, capacity 28028K, committed 28416K, reserved 1073152K
  class space    used 3795K, capacity 3983K, committed 4096K, reserved 1048576K
Event: 2.453 GC heap after
Heap after GC invocations=5 (full 1):
 PSYoungGen      total 38400K, used 5115K [0x00000000d5d00000, 0x00000000d9a80000, 0x0000000100000000)
  eden space 33280K, 0% used [0x00000000d5d00000,0x00000000d5d00000,0x00000000d7d80000)
  from space 5120K, 99% used [0x00000000d8280000,0x00000000d877edb8,0x00000000d8780000)
  to   space 5120K, 0% used [0x00000000d7d80000,0x00000000d7d80000,0x00000000d8280000)
 ParOldGen       total 56320K, used 9357K [0x0000000081600000, 0x0000000084d00000, 0x00000000d5d00000)
  object space 56320K, 16% used [0x0000000081600000,0x0000000081f23498,0x0000000084d00000)
 Metaspace       used 27458K, capacity 28028K, committed 28416K, reserved 1073152K
  class space    used 3795K, capacity 3983K, committed 4096K, reserved 1048576K
}

Deoptimization events (10 events):
Event: 1.141 Thread 0x000000001a6d6800 Uncommon trap: reason=class_check action=maybe_recompile pc=0x0000000002c05260 method=java.io.DataInputStream.readShort()S @ 4
Event: 1.195 Thread 0x000000001a6d6800 Uncommon trap: reason=unstable_if action=reinterpret pc=0x0000000002bef248 method=java.lang.AbstractStringBuilder.append(Ljava/lang/String;)Ljava/lang/AbstractStringBuilder; @ 1
Event: 1.303 Thread 0x000000001a6d6800 Uncommon trap: reason=unstable_if action=reinterpret pc=0x0000000002c52854 method=java.lang.Class$MethodArray.hasDefaults()Z @ 4
Event: 2.010 Thread 0x0000000021988000 Uncommon trap: reason=unstable_if action=reinterpret pc=0x0000000002c996bc method=java.util.zip.ZipCoder.getBytes(Ljava/lang/String;)[B @ 32
Event: 2.010 Thread 0x0000000021988000 Uncommon trap: reason=unstable_if action=reinterpret pc=0x0000000002d6b138 method=java.util.zip.ZipCoder.getBytes(Ljava/lang/String;)[B @ 32
Event: 2.015 Thread 0x000000001a6d6800 Uncommon trap: reason=unstable_if action=reinterpret pc=0x0000000002b62f48 method=java.lang.AbstractStringBuilder.append(Ljava/lang/String;)Ljava/lang/AbstractStringBuilder; @ 1
Event: 2.121 Thread 0x000000001a6d6800 Uncommon trap: reason=predicate action=maybe_recompile pc=0x0000000002c680fc method=sun.net.www.ParseUtil.encodePath(Ljava/lang/String;Z)Ljava/lang/String; @ 36
Event: 2.170 Thread 0x000000001a6d6800 Uncommon trap: reason=unstable_if action=reinterpret pc=0x0000000002d74a54 method=sun.misc.ASCIICaseInsensitiveComparator.compare(Ljava/lang/String;Ljava/lang/String;)I @ 83
Event: 2.509 Thread 0x000000001a6d6800 Uncommon trap: reason=unstable_if action=reinterpret pc=0x0000000002c4dd9c method=java.lang.ref.SoftReference.get()Ljava/lang/Object; @ 17
Event: 2.578 Thread 0x000000001a6d6800 Uncommon trap: reason=unstable_if action=reinterpret pc=0x0000000002c87f94 method=java.lang.Class.privateGetMethodRecursive(Ljava/lang/String;[Ljava/lang/Class;ZLjava/lang/Class$MethodArray;)Ljava/lang/reflect/Method; @ 63

Classes redefined (0 events):
No events

Internal exceptions (10 events):
Event: 0.569 Thread 0x000000001a6d6800 Exception <a 'java/lang/NullPointerException'> (0x00000000d6b7de88) thrown at [C:\ade\jenkins\workspace\8-2-build-windows-amd64-cygwin\jdk8u241\331\hotspot\src\share\vm\prims\jvm.cpp, line 1506]
Event: 0.628 Thread 0x000000001a6d6800 Exception <a 'java/lang/ArrayIndexOutOfBoundsException': 78> (0x00000000d6d43100) thrown at [C:\ade\jenkins\workspace\8-2-build-windows-amd64-cygwin\jdk8u241\331\hotspot\src\share\vm\interpreter\interpreterRuntime.cpp, line 368]
Event: 0.629 Thread 0x000000001a6d6800 Exception <a 'java/lang/ArrayIndexOutOfBoundsException': 18> (0x00000000d6d43fd8) thrown at [C:\ade\jenkins\workspace\8-2-build-windows-amd64-cygwin\jdk8u241\331\hotspot\src\share\vm\interpreter\interpreterRuntime.cpp, line 368]
Event: 0.629 Thread 0x000000001a6d6800 Exception <a 'java/lang/ArrayIndexOutOfBoundsException': 86> (0x00000000d6d45380) thrown at [C:\ade\jenkins\workspace\8-2-build-windows-amd64-cygwin\jdk8u241\331\hotspot\src\share\vm\interpreter\interpreterRuntime.cpp, line 368]
Event: 0.635 Thread 0x000000001a6d6800 Exception <a 'java/lang/ArrayIndexOutOfBoundsException'> (0x00000000d6d5f6f8) thrown at [C:\ade\jenkins\workspace\8-2-build-windows-amd64-cygwin\jdk8u241\331\hotspot\src\share\vm\runtime\sharedRuntime.cpp, line 605]
Event: 0.692 Thread 0x000000001a6d6800 Exception <a 'java/lang/ArrayIndexOutOfBoundsException'> (0x00000000d6f78f18) thrown at [C:\ade\jenkins\workspace\8-2-build-windows-amd64-cygwin\jdk8u241\331\hotspot\src\share\vm\runtime\sharedRuntime.cpp, line 605]
Event: 1.055 Thread 0x000000001a6d6800 Exception <a 'java/lang/ClassNotFoundException': com/sun/org/glassfish/hk2/osgiresourcelocator/ServiceLoader> (0x00000000d6170eb0) thrown at [C:\ade\jenkins\workspace\8-2-build-windows-amd64-cygwin\jdk8u241\331\hotspot\src\share\vm\classfile\systemDiction
Event: 1.062 Thread 0x000000001a6d6800 Exception <a 'java/lang/NullPointerException'> (0x00000000d6178fe8) thrown at [C:\ade\jenkins\workspace\8-2-build-windows-amd64-cygwin\jdk8u241\331\hotspot\src\share\vm\interpreter\linkResolver.cpp, line 1287]
Event: 1.195 Thread 0x000000001a6d6800 Implicit null exception at 0x0000000002beee96 to 0x0000000002bef231
Event: 2.015 Thread 0x000000001a6d6800 Implicit null exception at 0x0000000002b62b96 to 0x0000000002b62f31

Events (10 events):
Event: 2.842 loading class org/hibernate/engine/spi/CascadingActions$9
Event: 2.842 loading class org/hibernate/engine/spi/CascadingActions$9 done
Event: 2.843 loading class org/hibernate/loader/JoinWalker$AssociationInitCallback
Event: 2.843 loading class org/hibernate/loader/JoinWalker$AssociationInitCallback done
Event: 2.844 loading class org/hibernate/loader/JoinWalker$AssociationInitCallback$1
Event: 2.844 loading class org/hibernate/loader/JoinWalker$AssociationInitCallback$1 done
Event: 2.844 loading class org/hibernate/loader/OuterJoinableAssociation
Event: 2.845 loading class org/hibernate/loader/OuterJoinableAssociation done
Event: 2.845 loading class org/hibernate/engine/internal/JoinHelper
Event: 2.845 loading class org/hibernate/engine/internal/JoinHelper done


Dynamic libraries:
0x00007ff68c7e0000 - 0x00007ff68c817000 	C:\Program Files\Java\jdk1.8.0_241\bin\java.exe
0x00007ff865d70000 - 0x00007ff865f87000 	C:\WINDOWS\SYSTEM32\ntdll.dll
0x00007ff859e30000 - 0x00007ff859e49000 	C:\Program Files\AVAST Software\Avast\aswhook.dll
0x00007ff865b80000 - 0x00007ff865c44000 	C:\WINDOWS\System32\KERNEL32.DLL
0x00007ff863370000 - 0x00007ff863716000 	C:\WINDOWS\System32\KERNELBASE.dll
0x00007ff864a70000 - 0x00007ff864b23000 	C:\WINDOWS\System32\ADVAPI32.dll
0x00007ff863c90000 - 0x00007ff863d37000 	C:\WINDOWS\System32\msvcrt.dll
0x00007ff863ac0000 - 0x00007ff863b68000 	C:\WINDOWS\System32\sechost.dll
0x00007ff863340000 - 0x00007ff863368000 	C:\WINDOWS\System32\bcrypt.dll
0x00007ff864f90000 - 0x00007ff8650a7000 	C:\WINDOWS\System32\RPCRT4.dll
0x00007ff8656f0000 - 0x00007ff86589e000 	C:\WINDOWS\System32\USER32.dll
0x00007ff8639d0000 - 0x00007ff8639f6000 	C:\WINDOWS\System32\win32u.dll
0x00007ff865d00000 - 0x00007ff865d29000 	C:\WINDOWS\System32\GDI32.dll
0x00007ff863790000 - 0x00007ff8638a8000 	C:\WINDOWS\System32\gdi32full.dll
0x00007ff8632a0000 - 0x00007ff86333a000 	C:\WINDOWS\System32\msvcp_win.dll
0x00007ff8638b0000 - 0x00007ff8639c1000 	C:\WINDOWS\System32\ucrtbase.dll
0x00007ff84da00000 - 0x00007ff84dc93000 	C:\WINDOWS\WinSxS\amd64_microsoft.windows.common-controls_6595b64144ccf1df_6.0.22621.2506_none_270c5ae97388e100\COMCTL32.dll
0x00007ff863d50000 - 0x00007ff863d81000 	C:\WINDOWS\System32\IMM32.DLL
0x0000000055080000 - 0x0000000055152000 	C:\Program Files\Java\jdk1.8.0_241\jre\bin\msvcr100.dll
0x0000000053d40000 - 0x00000000545ec000 	C:\Program Files\Java\jdk1.8.0_241\jre\bin\server\jvm.dll
0x00007ff863c10000 - 0x00007ff863c18000 	C:\WINDOWS\System32\PSAPI.DLL
0x00007ff84bf00000 - 0x00007ff84bf09000 	C:\WINDOWS\SYSTEM32\WSOCK32.dll
0x00007ff85c5c0000 - 0x00007ff85c5ca000 	C:\WINDOWS\SYSTEM32\VERSION.dll
0x00007ff85c6a0000 - 0x00007ff85c6d4000 	C:\WINDOWS\SYSTEM32\WINMM.dll
0x00007ff865a20000 - 0x00007ff865a91000 	C:\WINDOWS\System32\WS2_32.dll
0x00007ff860ca0000 - 0x00007ff860caf000 	C:\Program Files\Java\jdk1.8.0_241\jre\bin\verify.dll
0x00007ff860a40000 - 0x00007ff860a69000 	C:\Program Files\Java\jdk1.8.0_241\jre\bin\java.dll
0x00007ff860a20000 - 0x00007ff860a36000 	C:\Program Files\Java\jdk1.8.0_241\jre\bin\zip.dll
0x00007ff864100000 - 0x00007ff86495a000 	C:\WINDOWS\System32\SHELL32.dll
0x00007ff860f80000 - 0x00007ff861876000 	C:\WINDOWS\SYSTEM32\windows.storage.dll
0x00007ff864c00000 - 0x00007ff864f89000 	C:\WINDOWS\System32\combase.dll
0x00007ff860e40000 - 0x00007ff860f7e000 	C:\WINDOWS\SYSTEM32\wintypes.dll
0x00007ff865920000 - 0x00007ff865a13000 	C:\WINDOWS\System32\SHCORE.dll
0x00007ff863f50000 - 0x00007ff863fae000 	C:\WINDOWS\System32\shlwapi.dll
0x00007ff862fe0000 - 0x00007ff863006000 	C:\WINDOWS\SYSTEM32\profapi.dll
0x0000000002500000 - 0x0000000002503000 	C:\Program Files\Java\jdk1.8.0_241\jre\bin\api-ms-win-core-console-l1-1-0.dll
0x0000000002510000 - 0x0000000002513000 	C:\Program Files\Java\jdk1.8.0_241\jre\bin\api-ms-win-core-datetime-l1-1-0.dll
0x0000000002520000 - 0x0000000002523000 	C:\Program Files\Java\jdk1.8.0_241\jre\bin\api-ms-win-core-debug-l1-1-0.dll
0x0000000002530000 - 0x0000000002533000 	C:\Program Files\Java\jdk1.8.0_241\jre\bin\api-ms-win-core-errorhandling-l1-1-0.dll
0x0000000002750000 - 0x0000000002754000 	C:\Program Files\Java\jdk1.8.0_241\jre\bin\api-ms-win-core-file-l1-1-0.dll
0x0000000002760000 - 0x0000000002763000 	C:\Program Files\Java\jdk1.8.0_241\jre\bin\api-ms-win-core-file-l1-2-0.dll
0x0000000002770000 - 0x0000000002773000 	C:\Program Files\Java\jdk1.8.0_241\jre\bin\api-ms-win-core-file-l2-1-0.dll
0x0000000002780000 - 0x0000000002783000 	C:\Program Files\Java\jdk1.8.0_241\jre\bin\api-ms-win-core-handle-l1-1-0.dll
0x0000000002790000 - 0x0000000002793000 	C:\Program Files\Java\jdk1.8.0_241\jre\bin\api-ms-win-core-heap-l1-1-0.dll
0x00000000027a0000 - 0x00000000027a3000 	C:\Program Files\Java\jdk1.8.0_241\jre\bin\api-ms-win-core-interlocked-l1-1-0.dll
0x00000000027b0000 - 0x00000000027b3000 	C:\Program Files\Java\jdk1.8.0_241\jre\bin\api-ms-win-core-libraryloader-l1-1-0.dll
0x00000000027c0000 - 0x00000000027c3000 	C:\Program Files\Java\jdk1.8.0_241\jre\bin\api-ms-win-core-localization-l1-2-0.dll
0x00000000027d0000 - 0x00000000027d3000 	C:\Program Files\Java\jdk1.8.0_241\jre\bin\api-ms-win-core-memory-l1-1-0.dll
0x00000000027e0000 - 0x00000000027e3000 	C:\Program Files\Java\jdk1.8.0_241\jre\bin\api-ms-win-core-namedpipe-l1-1-0.dll
0x00000000027f0000 - 0x00000000027f3000 	C:\Program Files\Java\jdk1.8.0_241\jre\bin\api-ms-win-core-processenvironment-l1-1-0.dll
0x0000000002800000 - 0x0000000002803000 	C:\Program Files\Java\jdk1.8.0_241\jre\bin\api-ms-win-core-processthreads-l1-1-0.dll
0x0000000002810000 - 0x0000000002813000 	C:\Program Files\Java\jdk1.8.0_241\jre\bin\api-ms-win-core-processthreads-l1-1-1.dll
0x0000000002820000 - 0x0000000002823000 	C:\Program Files\Java\jdk1.8.0_241\jre\bin\api-ms-win-core-profile-l1-1-0.dll
0x0000000002830000 - 0x0000000002833000 	C:\Program Files\Java\jdk1.8.0_241\jre\bin\api-ms-win-core-rtlsupport-l1-1-0.dll
0x000000001adf0000 - 0x000000001adf3000 	C:\Program Files\Java\jdk1.8.0_241\jre\bin\api-ms-win-core-string-l1-1-0.dll
0x000000001ae00000 - 0x000000001ae03000 	C:\Program Files\Java\jdk1.8.0_241\jre\bin\api-ms-win-core-synch-l1-1-0.dll
0x000000001ae10000 - 0x000000001ae13000 	C:\Program Files\Java\jdk1.8.0_241\jre\bin\api-ms-win-core-synch-l1-2-0.dll
0x000000001ae20000 - 0x000000001ae23000 	C:\Program Files\Java\jdk1.8.0_241\jre\bin\api-ms-win-core-sysinfo-l1-1-0.dll
0x000000001ae30000 - 0x000000001ae33000 	C:\Program Files\Java\jdk1.8.0_241\jre\bin\api-ms-win-core-timezone-l1-1-0.dll
0x000000001ae40000 - 0x000000001ae43000 	C:\Program Files\Java\jdk1.8.0_241\jre\bin\api-ms-win-core-util-l1-1-0.dll
0x000000001ae50000 - 0x000000001ae53000 	C:\Program Files\Java\jdk1.8.0_241\jre\bin\api-ms-win-crt-conio-l1-1-0.dll
0x000000001ae60000 - 0x000000001ae64000 	C:\Program Files\Java\jdk1.8.0_241\jre\bin\api-ms-win-crt-convert-l1-1-0.dll
0x000000001ae70000 - 0x000000001ae73000 	C:\Program Files\Java\jdk1.8.0_241\jre\bin\api-ms-win-crt-environment-l1-1-0.dll
0x000000001ae80000 - 0x000000001ae83000 	C:\Program Files\Java\jdk1.8.0_241\jre\bin\api-ms-win-crt-filesystem-l1-1-0.dll
0x000000001ae90000 - 0x000000001ae93000 	C:\Program Files\Java\jdk1.8.0_241\jre\bin\api-ms-win-crt-heap-l1-1-0.dll
0x000000001aea0000 - 0x000000001aea3000 	C:\Program Files\Java\jdk1.8.0_241\jre\bin\api-ms-win-crt-locale-l1-1-0.dll
0x000000001aeb0000 - 0x000000001aeb5000 	C:\Program Files\Java\jdk1.8.0_241\jre\bin\api-ms-win-crt-math-l1-1-0.dll
0x000000001aec0000 - 0x000000001aec5000 	C:\Program Files\Java\jdk1.8.0_241\jre\bin\api-ms-win-crt-multibyte-l1-1-0.dll
0x000000001aed0000 - 0x000000001aee0000 	C:\Program Files\Java\jdk1.8.0_241\jre\bin\api-ms-win-crt-private-l1-1-0.dll
0x000000001aee0000 - 0x000000001aee3000 	C:\Program Files\Java\jdk1.8.0_241\jre\bin\api-ms-win-crt-process-l1-1-0.dll
0x000000001aef0000 - 0x000000001aef4000 	C:\Program Files\Java\jdk1.8.0_241\jre\bin\api-ms-win-crt-runtime-l1-1-0.dll
0x000000001af00000 - 0x000000001af04000 	C:\Program Files\Java\jdk1.8.0_241\jre\bin\api-ms-win-crt-stdio-l1-1-0.dll
0x000000001af10000 - 0x000000001af14000 	C:\Program Files\Java\jdk1.8.0_241\jre\bin\api-ms-win-crt-string-l1-1-0.dll
0x000000001af20000 - 0x000000001af23000 	C:\Program Files\Java\jdk1.8.0_241\jre\bin\api-ms-win-crt-time-l1-1-0.dll
0x000000001af30000 - 0x000000001af33000 	C:\Program Files\Java\jdk1.8.0_241\jre\bin\api-ms-win-crt-utility-l1-1-0.dll
0x00007ff856040000 - 0x00007ff85613c000 	C:\Program Files\Java\jdk1.8.0_241\jre\bin\ucrtbase.dll
0x00007ff857f00000 - 0x00007ff857f15000 	C:\Program Files\Java\jdk1.8.0_241\jre\bin\vcruntime140.dll
0x00007ff857e60000 - 0x00007ff857efb000 	C:\Program Files\Java\jdk1.8.0_241\jre\bin\msvcp140.dll
0x00007ff856210000 - 0x00007ff856261000 	C:\Program Files\Java\jdk1.8.0_241\jre\bin\concrt140.dll
0x00007ff857de0000 - 0x00007ff857e03000 	C:\Program Files\Java\jdk1.8.0_241\jre\bin\prism_d3d.dll
0x00007ff842000000 - 0x00007ff8421a9000 	C:\WINDOWS\system32\d3d9.dll
0x00007ff860560000 - 0x00007ff86058b000 	C:\WINDOWS\SYSTEM32\dwmapi.dll
0x00007ff860410000 - 0x00007ff860446000 	C:\WINDOWS\SYSTEM32\dxcore.dll
0x00007ff860310000 - 0x00007ff8603bb000 	C:\WINDOWS\system32\uxtheme.dll
0x00007ff80e220000 - 0x00007ff80e40b000 	C:\WINDOWS\System32\DriverStore\FileRepository\igdlh64.inf_amd64_53304313b84adac7\igdumdim64.dll
0x00007fff9fa10000 - 0x00007fffa2f8d000 	C:\WINDOWS\System32\DriverStore\FileRepository\igdlh64.inf_amd64_53304313b84adac7\igd9dxva64.dll
0x00007ff8650b0000 - 0x00007ff865250000 	C:\WINDOWS\System32\ole32.dll
0x00007ff865aa0000 - 0x00007ff865b77000 	C:\WINDOWS\System32\OLEAUT32.dll
0x00007ff857750000 - 0x00007ff85779a000 	C:\WINDOWS\SYSTEM32\directxdatabasehelper.dll
0x00007ff8620a0000 - 0x00007ff8620b8000 	C:\WINDOWS\SYSTEM32\kernel.appcore.dll
0x00007ff855ff0000 - 0x00007ff856035000 	C:\Program Files\Java\jdk1.8.0_241\jre\bin\glass.dll
0x00007ff864970000 - 0x00007ff864a69000 	C:\WINDOWS\System32\COMDLG32.dll
0x00007ff863fb0000 - 0x00007ff864100000 	C:\WINDOWS\System32\MSCTF.dll
0x00007ff863220000 - 0x00007ff86329a000 	C:\WINDOWS\System32\bcryptPrimitives.dll
0x00007ff8551b0000 - 0x00007ff8551d4000 	C:\WINDOWS\System32\DriverStore\FileRepository\igdlh64.inf_amd64_53304313b84adac7\igdinfo64.dll
0x00007ff84f2f0000 - 0x00007ff8511f1000 	C:\WINDOWS\System32\DriverStore\FileRepository\igdlh64.inf_amd64_53304313b84adac7\igc64.dll
0x00007ff857e40000 - 0x00007ff857e54000 	C:\Program Files\Java\jdk1.8.0_241\jre\bin\javafx_font.dll
0x00007ff85ed20000 - 0x00007ff85ef93000 	C:\WINDOWS\SYSTEM32\dwrite.dll
0x00007ff862820000 - 0x00007ff86283b000 	C:\WINDOWS\SYSTEM32\CRYPTSP.dll
0x00007ff862000000 - 0x00007ff862035000 	C:\WINDOWS\system32\rsaenh.dll
0x00007ff8626c0000 - 0x00007ff8626ec000 	C:\WINDOWS\SYSTEM32\USERENV.dll
0x00007ff862840000 - 0x00007ff86284c000 	C:\WINDOWS\SYSTEM32\CRYPTBASE.dll
0x00007ff857f40000 - 0x00007ff857f5a000 	C:\Program Files\Java\jdk1.8.0_241\jre\bin\net.dll
0x00007ff8625b0000 - 0x00007ff862619000 	C:\WINDOWS\system32\mswsock.dll
0x00007ff861ae0000 - 0x00007ff861b0d000 	C:\WINDOWS\SYSTEM32\IPHLPAPI.DLL
0x00007ff864960000 - 0x00007ff864969000 	C:\WINDOWS\System32\NSI.dll
0x00007ff85c5d0000 - 0x00007ff85c5e9000 	C:\WINDOWS\SYSTEM32\dhcpcsvc6.DLL
0x00007ff85c2d0000 - 0x00007ff85c2ef000 	C:\WINDOWS\SYSTEM32\dhcpcsvc.DLL
0x00007ff861b50000 - 0x00007ff861c49000 	C:\WINDOWS\SYSTEM32\DNSAPI.dll
0x00007ff857f20000 - 0x00007ff857f32000 	C:\Program Files\Java\jdk1.8.0_241\jre\bin\nio.dll
0x00000000560a0000 - 0x00000000560c6000 	C:\Program Files\Bonjour\mdnsNSP.dll
0x00007ff858920000 - 0x00007ff85892a000 	C:\Windows\System32\rasadhlp.dll
0x00007ff85ba80000 - 0x00007ff85bb03000 	C:\WINDOWS\System32\fwpuclnt.dll

VM Arguments:
jvm_args: -Dfile.encoding=UTF-8 
java_command: C:\Users\denos\Documents\NetBeansGitHub\Hibernate\MejoresJugadoresLaLiga\dist\run298353061\MejoresJugadoresLaLiga.jar
java_class_path (initial): C:\Users\denos\Documents\NetBeansGitHub\Hibernate\MejoresJugadoresLaLiga\dist\run298353061\MejoresJugadoresLaLiga.jar
Launcher Type: SUN_STANDARD

Environment Variables:
PATH=C:\Program Files\Zulu\zulu-8\bin\;C:\Program Files\Zulu\zulu-18\bin\;C:\Program Files (x86)\Zulu\zulu-17\bin\;C:\Program Files\Zulu\zulu-19\bin\;C:\Program Files\Common Files\Oracle\Java\javapath;C:\Program Files (x86)\Common Files\Oracle\Java\javapath;C:\Windows\system32;C:\Windows;C:\Windows\System32\Wbem;C:\Windows\System32\WindowsPowerShell\v1.0\;C:\Windows\System32\OpenSSH\;C:\Program Files (x86)\NVIDIA Corporation\PhysX\Common;C:\Program Files\NVIDIA Corporation\NVIDIA NvDLISR;C:\Program Files\PuTTY\;C:\WINDOWS\system32;C:\WINDOWS;C:\WINDOWS\System32\Wbem;C:\WINDOWS\System32\WindowsPowerShell\v1.0\;C:\WINDOWS\System32\OpenSSH\;C:\Program Files\AutoFirma\AutoFirma;C:\Program Files\Microsoft\Web Platform Installer\;C:\Program Files\Git\cmd;C:\Program Files\dotnet\;C:\Users\denos\AppData\Local\Microsoft\WindowsApps;;C:\Users\denos\AppData\Local\Programs\Microsoft VS Code\bin
USERNAME=denos
OS=Windows_NT
PROCESSOR_IDENTIFIER=Intel64 Family 6 Model 142 Stepping 10, GenuineIntel



---------------  S Y S T E M  ---------------

OS: Windows 10.0 , 64 bit Build 22621 (10.0.22621.2506)

CPU:total 8 (initial active 8) (4 cores per cpu, 2 threads per core) family 6 model 142 stepping 10, cmov, cx8, fxsr, mmx, sse, sse2, sse3, ssse3, sse4.1, sse4.2, popcnt, avx, avx2, aes, clmul, erms, 3dnowpref, lzcnt, ht, tsc, tscinvbit, bmi1, bmi2, adx

Memory: 4k page, physical 8295652k(803536k free), swap 15628472k(4152k free)

vm_info: Java HotSpot(TM) 64-Bit Server VM (25.241-b07) for windows-amd64 JRE (1.8.0_241-b07), built on Dec 11 2019 10:21:40 by "rejava" with MS VC++ 10.0 (VS2010)

time: Thu Jan 18 13:42:49 2024
timezone: Hora estándar romance
elapsed time: 2 seconds (0d 0h 0m 2s)

